{"D:\\frontend\\lessons\\webpack-lesson\\src\\tests\\button\\index.js": {"path":"D:\\frontend\\lessons\\webpack-lesson\\src\\tests\\button\\index.js","statementMap":{"0":{"start":{"line":3,"column":22},"end":{"line":14,"column":1}},"1":{"start":{"line":4,"column":2},"end":{"line":13,"column":3}}},"fnMap":{"0":{"name":"(anonymous_0)","decl":{"start":{"line":3,"column":22},"end":{"line":3,"column":23}},"loc":{"start":{"line":3,"column":69},"end":{"line":14,"column":1}},"line":3}},"branchMap":{"0":{"loc":{"start":{"line":3,"column":25},"end":{"line":3,"column":41}},"type":"default-arg","locations":[{"start":{"line":3,"column":36},"end":{"line":3,"column":41}}],"line":3},"1":{"loc":{"start":{"line":3,"column":43},"end":{"line":3,"column":53}},"type":"default-arg","locations":[{"start":{"line":3,"column":51},"end":{"line":3,"column":53}}],"line":3}},"s":{"0":1,"1":1},"f":{"0":1},"b":{"0":[1],"1":[1]},"_coverageSchema":"1a1c01bbd47fc00a2c39e90264f33305004495a9","hash":"c251ac422e22e3075f1f57a224dd25eac40ca432"}
}
